[joyuapp.xyz/jkc88/index.html]
[backblue.gif]
[fade.gif]
[index.html]
[joyuapp.xyz/wp-content/themes/twentytwentyone/assets/css/custom-color-overridesd5f7.css]
[joyuapp.xyz/wp-content/plugins/jet-engine/assets/css/frontend42e1.css]
[joyuapp.xyz/wp-content/themes/twentytwentyone/styled5f7.css]
[joyuapp.xyz/wp-content/themes/twentytwentyone/assets/css/printd5f7.css]
[joyuapp.xyz/wp-content/plugins/elementor/assets/lib/font-awesome/css/fontawesome.min52d5.css]
[joyuapp.xyz/wp-content/plugins/elementor/assets/lib/font-awesome/css/solid.min52d5.css]
[joyuapp.xyz/wp-content/plugins/elementor/assets/lib/font-awesome/css/regular.min52d5.css]
[joyuapp.xyz/wp-content/plugins/jet-reviews/assets/css/jet-reviews605a.css]
[joyuapp.xyz/wp-content/plugins/elementor/assets/lib/eicons/css/elementor-icons.min7bb8.css]
[joyuapp.xyz/wp-content/plugins/elementor/assets/css/frontend.minaad7.css]
[joyuapp.xyz/wp-content/plugins/elementor/assets/lib/swiper/css/swiper.min48f5.css]
[joyuapp.xyz/wp-content/uploads/elementor/css/post-107e5c.css]
[joyuapp.xyz/wp-content/plugins/powerpack-lite-for-elementor/assets/css/min/frontend.min4537.css]
[joyuapp.xyz/wp-content/uploads/elementor/css/global663e.css]
[joyuapp.xyz/wp-content/plugins/elementor-pro/assets/css/frontend.min110d.css]
[joyuapp.xyz/wp-content/uploads/elementor/css/post-4195288b.css]
[joyuapp.xyz/wp-content/uploads/elementor/css/post-156bf3.css]
[ajax.googleapis.com/ajax/libs/jquery/3.5.1/jquery.minb6a4.js]
[joyuapp.xyz/wp-content/uploads/2021/07/googleplay-150x150.png]
[joyuapp.xyz/wp-content/uploads/2021/07/googleplay-300x300.png]
[joyuapp.xyz/wp-content/uploads/2021/07/google-play-logo.png]
[joyuapp.xyz/wp-content/uploads/elementor/thumbs/JKC88-logo-qgjh2lkx9gztykchc6s4a0r7161bboumi9tl85uzmw.png]
[joyuapp.xyz/wp-content/uploads/elementor/thumbs/star-qgjh2kn21czhp5uj36u4mslmhytfk47us3g17r0i1i.png]
[joyuapp.xyz/wp-content/uploads/elementor/thumbs/download-qgjh2kn22ockflrtah3ou9hobgznkw5la1m9504rp0.png]
[joyuapp.xyz/wp-content/uploads/elementor/thumbs/18-qgjh2kn27xsvddgy3m5xo51vlhojnzwj9ub4u0lu74.png]
[joyuapp.xyz/wp-content/uploads/2023/11/JKC88-1.png]
[joyuapp.xyz/wp-content/uploads/elementor/thumbs/JKC88-1-qgjh2miv3vdkfarvxbrke3aq5sv9ltmqljzu47gszo.png]
[joyuapp.xyz/wp-content/uploads/2023/11/JKC88-2.png]
[joyuapp.xyz/wp-content/uploads/elementor/thumbs/JKC88-2-qgjh2miv3vdkfarvxbrke3aq5sv9ltmqljzu47gszo.png]
[joyuapp.xyz/wp-content/uploads/2023/11/JKC88-3.png]
[joyuapp.xyz/wp-content/uploads/elementor/thumbs/JKC88-3-qgjh2miv3vdkfarvxbrke3aq5sv9ltmqljzu47gszo.png]
[joyuapp.xyz/wp-content/uploads/2023/11/JKC88-4.png]
[joyuapp.xyz/wp-content/uploads/elementor/thumbs/JKC88-4-qgjh2miv3vdkfarvxbrke3aq5sv9ltmqljzu47gszo.png]
[joyuapp.xyz/wp-content/uploads/elementor/thumbs/JKC88-1-qgjh2mj2pj4gypuf7ki26iedfvg50u9mrkmjkvplzs.png]
[joyuapp.xyz/wp-content/uploads/elementor/thumbs/JKC88-2-qgjh2mj2pj4gypuf7ki26iedfvg50u9mrkmjkvplzs.png]
[joyuapp.xyz/wp-content/uploads/elementor/thumbs/JKC88-3-qgjh2mj2pj4gypuf7ki26iedfvg50u9mrkmjkvplzs.png]
[joyuapp.xyz/wp-content/uploads/elementor/thumbs/JKC88-4-qgjh2mj2pj4gypuf7ki26iedfvg50u9mrkmjkvplzs.png]
[joyuapp.xyz/wp-content/plugins/expand-maker/css/readMoreStyles2ba0.css]
[joyuapp.xyz/wp-content/plugins/expand-maker/css/animateb6a4.css]
[joyuapp.xyz/jkc88/Trident/index.html]
[joyuapp.xyz/wp-content/themes/twentytwentyone/assets/js/polyfillsd5f7.js]
[joyuapp.xyz/wp-content/themes/twentytwentyone/assets/js/responsive-embedsd5f7.js]
[joyuapp.xyz/wp-includes/js/jquery/jquery.minf43b.js]
[joyuapp.xyz/wp-includes/js/jquery/jquery-migrate.min5589.js]
[joyuapp.xyz/wp-includes/js/jquery/ui/effect.minb37e.js]
[joyuapp.xyz/wp-content/plugins/expand-maker/js/yrmMore2ba0.js]
[joyuapp.xyz/wp-content/plugins/expand-maker/js/YrmInline2ba0.js]
[joyuapp.xyz/wp-content/plugins/elementor-pro/assets/js/webpack-pro.runtime.min110d.js]
[joyuapp.xyz/wp-content/plugins/elementor/assets/js/webpack.runtime.minaad7.js]
[joyuapp.xyz/wp-content/plugins/elementor/assets/js/frontend-modules.minaad7.js]
[joyuapp.xyz/wp-includes/js/dist/hooks.min2757.js]
[joyuapp.xyz/wp-includes/js/dist/i18n.minc33c.js]
[joyuapp.xyz/wp-content/plugins/elementor-pro/assets/js/frontend.min110d.js]
[joyuapp.xyz/wp-content/plugins/elementor/assets/lib/waypoints/waypoints.min05da.js]
[joyuapp.xyz/wp-includes/js/jquery/ui/core.minb37e.js]
[joyuapp.xyz/wp-content/plugins/elementor/assets/js/frontend.minaad7.js]
[joyuapp.xyz/wp-content/plugins/elementor-pro/assets/js/elements-handlers.min110d.js]
[joyuapp.xyz/wp-includes/js/dist/url.mind2d7.js]
[joyuapp.xyz/wp-includes/js/dist/api-fetch.min803c.js]
[joyuapp.xyz/wp-content/plugins/jet-reviews/assets/js/lib/vue.mina117.js]
[joyuapp.xyz/wp-content/plugins/jet-reviews/assets/js/jet-reviews-frontend605a.js]
[joyuapp.xyz/jkc88/index.html]
[joyuapp.xyz/wp-content/themes/twentytwentyone/assets/css/custom-color-overridesd5f7.css]
[joyuapp.xyz/wp-content/plugins/jet-engine/assets/css/frontend42e1.css]
[joyuapp.xyz/wp-content/themes/twentytwentyone/styled5f7.css]
[joyuapp.xyz/wp-content/themes/twentytwentyone/assets/css/printd5f7.css]
[joyuapp.xyz/wp-content/plugins/elementor/assets/lib/font-awesome/css/fontawesome.min52d5.css]
[joyuapp.xyz/wp-content/plugins/elementor/assets/lib/font-awesome/css/solid.min52d5.css]
[joyuapp.xyz/wp-content/plugins/elementor/assets/lib/font-awesome/css/regular.min52d5.css]
[joyuapp.xyz/wp-content/plugins/jet-reviews/assets/css/jet-reviews605a.css]
[joyuapp.xyz/wp-content/plugins/elementor/assets/lib/eicons/css/elementor-icons.min7bb8.css]
[joyuapp.xyz/wp-content/plugins/elementor/assets/css/frontend.minaad7.css]
[joyuapp.xyz/wp-content/plugins/elementor/assets/lib/swiper/css/swiper.min48f5.css]
[joyuapp.xyz/wp-content/uploads/elementor/css/post-107e5c.css]
[joyuapp.xyz/wp-content/plugins/powerpack-lite-for-elementor/assets/css/min/frontend.min4537.css]
[joyuapp.xyz/wp-content/plugins/elementor-pro/assets/css/frontend.min110d.css]
[joyuapp.xyz/wp-content/uploads/elementor/css/global663e.css]
[joyuapp.xyz/wp-content/uploads/elementor/css/post-4195288b.css]
[joyuapp.xyz/wp-content/uploads/elementor/css/post-156bf3.css]
[joyuapp.xyz/jkc88/Trident/index.html]
[joyuapp.xyz/wp-content/plugins/expand-maker/css/readMoreStyles2ba0.css]
[joyuapp.xyz/wp-content/plugins/expand-maker/css/animateb6a4.css]
[joyuapp.xyz/wp-content/plugins/jet-engine/assets/js/frontend42e1.js]
